[error] Failed to fetch Firebase Project from Studio Workspace because WORKSPACE_SLUG environment variable is empty
[error] Failed to fetch Firebase Project from Studio Workspace because WORKSPACE_SLUG environment variable is empty
[error] Failed to fetch Firebase Project from Studio Workspace because WORKSPACE_SLUG environment variable is empty
[error] Failed to fetch Firebase Project from Studio Workspace because WORKSPACE_SLUG environment variable is empty
[debug] [2025-12-30T23:47:51.029Z] > command requires scopes: ["email","openid","https://www.googleapis.com/auth/cloudplatformprojects.readonly","https://www.googleapis.com/auth/firebase","https://www.googleapis.com/auth/cloud-platform","https://www.googleapis.com/auth/userinfo.email"]
[debug] [2025-12-30T23:47:51.032Z] > command requires scopes: ["email","openid","https://www.googleapis.com/auth/cloudplatformprojects.readonly","https://www.googleapis.com/auth/firebase","https://www.googleapis.com/auth/cloud-platform","https://www.googleapis.com/auth/userinfo.email"]
[debug] [2025-12-30T23:48:19.917Z] Running auto auth
[debug] [2025-12-30T23:48:19.918Z] Running auto auth
[error] Failed to fetch Firebase Project from Studio Workspace because WORKSPACE_SLUG environment variable is empty
[error] Failed to fetch Firebase Project from Studio Workspace because WORKSPACE_SLUG environment variable is empty
[error] Failed to fetch Firebase Project from Studio Workspace because WORKSPACE_SLUG environment variable is empty
[debug] [2025-12-30T23:48:20.056Z] > command requires scopes: ["email","openid","https://www.googleapis.com/auth/cloudplatformprojects.readonly","https://www.googleapis.com/auth/firebase","https://www.googleapis.com/auth/cloud-platform","https://www.googleapis.com/auth/userinfo.email"]
[debug] [2025-12-30T23:48:20.057Z] > authorizing via signed-in user (ramakirana25.sma.belajar.id@gmail.com)
[error] Failed to fetch Firebase Project from Studio Workspace because WORKSPACE_SLUG environment variable is empty
[debug] [2025-12-30T23:48:20.059Z] > command requires scopes: ["email","openid","https://www.googleapis.com/auth/cloudplatformprojects.readonly","https://www.googleapis.com/auth/firebase","https://www.googleapis.com/auth/cloud-platform","https://www.googleapis.com/auth/userinfo.email"]
[debug] [2025-12-30T23:48:20.060Z] > authorizing via signed-in user (ramakirana25.sma.belajar.id@gmail.com)
[error] Failed to fetch Firebase Project from Studio Workspace because WORKSPACE_SLUG environment variable is empty
[error] Failed to fetch Firebase Project from Studio Workspace because WORKSPACE_SLUG environment variable is empty
[error] Failed to fetch Firebase Project from Studio Workspace because WORKSPACE_SLUG environment variable is empty
[debug] [2025-12-30T23:48:20.090Z] > command requires scopes: ["email","openid","https://www.googleapis.com/auth/cloudplatformprojects.readonly","https://www.googleapis.com/auth/firebase","https://www.googleapis.com/auth/cloud-platform","https://www.googleapis.com/auth/userinfo.email"]
[debug] [2025-12-30T23:48:20.090Z] > authorizing via signed-in user (ramakirana25.sma.belajar.id@gmail.com)
[error] Failed to fetch Firebase Project from Studio Workspace because WORKSPACE_SLUG environment variable is empty
[debug] [2025-12-30T23:48:20.092Z] > command requires scopes: ["email","openid","https://www.googleapis.com/auth/cloudplatformprojects.readonly","https://www.googleapis.com/auth/firebase","https://www.googleapis.com/auth/cloud-platform","https://www.googleapis.com/auth/userinfo.email"]
[debug] [2025-12-30T23:48:20.092Z] > authorizing via signed-in user (ramakirana25.sma.belajar.id@gmail.com)
[error] Failed to fetch Firebase Project from Studio Workspace because WORKSPACE_SLUG environment variable is empty
[error] Failed to fetch Firebase Project from Studio Workspace because WORKSPACE_SLUG environment variable is empty
[error] Failed to fetch Firebase Project from Studio Workspace because WORKSPACE_SLUG environment variable is empty
[debug] [2025-12-30T23:48:20.098Z] > command requires scopes: ["email","openid","https://www.googleapis.com/auth/cloudplatformprojects.readonly","https://www.googleapis.com/auth/firebase","https://www.googleapis.com/auth/cloud-platform","https://www.googleapis.com/auth/userinfo.email"]
[debug] [2025-12-30T23:48:20.098Z] > authorizing via signed-in user (ramakirana25.sma.belajar.id@gmail.com)
[error] Failed to fetch Firebase Project from Studio Workspace because WORKSPACE_SLUG environment variable is empty
[debug] [2025-12-30T23:48:20.099Z] > command requires scopes: ["email","openid","https://www.googleapis.com/auth/cloudplatformprojects.readonly","https://www.googleapis.com/auth/firebase","https://www.googleapis.com/auth/cloud-platform","https://www.googleapis.com/auth/userinfo.email"]
[debug] [2025-12-30T23:48:20.099Z] > authorizing via signed-in user (ramakirana25.sma.belajar.id@gmail.com)
[error] Failed to fetch Firebase Project from Studio Workspace because WORKSPACE_SLUG environment variable is empty
[error] Failed to fetch Firebase Project from Studio Workspace because WORKSPACE_SLUG environment variable is empty
[debug] [2025-12-30T23:51:41.687Z] > command requires scopes: ["email","openid","https://www.googleapis.com/auth/cloudplatformprojects.readonly","https://www.googleapis.com/auth/firebase","https://www.googleapis.com/auth/cloud-platform","https://www.googleapis.com/auth/userinfo.email"]
[debug] [2025-12-30T23:51:41.691Z] > authorizing via signed-in user (ramakirana25.sma.belajar.id@gmail.com)
[error] Failed to fetch Firebase Project from Studio Workspace because WORKSPACE_SLUG environment variable is empty
[error] Failed to fetch Firebase Project from Studio Workspace because WORKSPACE_SLUG environment variable is empty
[debug] [2025-12-30T23:51:41.699Z] > command requires scopes: ["email","openid","https://www.googleapis.com/auth/cloudplatformprojects.readonly","https://www.googleapis.com/auth/firebase","https://www.googleapis.com/auth/cloud-platform","https://www.googleapis.com/auth/userinfo.email"]
[debug] [2025-12-30T23:51:41.699Z] > authorizing via signed-in user (ramakirana25.sma.belajar.id@gmail.com)
[info] 
=== Firestore Setup Actuation
[info] ✔  Wrote firestore.rules 
[info] ✔  Wrote firestore.indexes.json 
[info] 
=== Hosting Setup Actuation
[info] ✔  Wrote ./404.html 
[debug] [2025-12-30T23:51:41.719Z] >>> [apiv2][query] GET https://www.gstatic.com/firebasejs/releases.json [none]
[debug] [2025-12-30T23:51:41.817Z] <<< [apiv2][status] GET https://www.gstatic.com/firebasejs/releases.json 200
[debug] [2025-12-30T23:51:41.817Z] <<< [apiv2][body] GET https://www.gstatic.com/firebasejs/releases.json {"current":{"version":"12.7.0","browserURL":"https://www.gstatic.com/firebasejs/12.7.0/firebase.js","packageURL":"https://www.gstatic.com/firebasejs/12.7.0/firebase.tgz"},"live":{"version":"12.7","browserURL":"https://www.gstatic.com/firebasejs/live/12.7/firebase.js","packageURL":"https://www.gstatic.com/firebasejs/live/12.7/firebase.tgz"},"components":{"ai":"https://www.gstatic.com/firebasejs/12.7.0/firebase-ai.js","analytics":"https://www.gstatic.com/firebasejs/12.7.0/firebase-analytics.js","app":"https://www.gstatic.com/firebasejs/12.7.0/firebase-app.js","app-check":"https://www.gstatic.com/firebasejs/12.7.0/firebase-app-check.js","auth":"https://www.gstatic.com/firebasejs/12.7.0/firebase-auth.js","auth/cordova":"https://www.gstatic.com/firebasejs/12.7.0/firebase-auth/cordova.js","auth/web-extension":"https://www.gstatic.com/firebasejs/12.7.0/firebase-auth/web-extension.js","functions":"https://www.gstatic.com/firebasejs/12.7.0/firebase-functions.js","firestore":"https://www.gstatic.com/firebasejs/12.7.0/firebase-firestore.js","firestore/lite":"https://www.gstatic.com/firebasejs/12.7.0/firebase-firestore/lite.js","installations":"https://www.gstatic.com/firebasejs/12.7.0/firebase-installations.js","storage":"https://www.gstatic.com/firebasejs/12.7.0/firebase-storage.js","performance":"https://www.gstatic.com/firebasejs/12.7.0/firebase-performance.js","remote-config":"https://www.gstatic.com/firebasejs/12.7.0/firebase-remote-config.js","messaging":"https://www.gstatic.com/firebasejs/12.7.0/firebase-messaging.js","messaging/sw":"https://www.gstatic.com/firebasejs/12.7.0/firebase-messaging/sw.js","database":"https://www.gstatic.com/firebasejs/12.7.0/firebase-database.js","data-connect":"https://www.gstatic.com/firebasejs/12.7.0/firebase-data-connect.js","firestore.memory":"https://www.gstatic.com/firebasejs/12.7.0/firebase-firestore.memory.js"}}
[info] ✔  Wrote ./index.html 
[info] ✔  Wrote configuration info to firebase.json 
[info] ✔  Wrote project information to .firebaserc 
[error] Failed to fetch Firebase Project from Studio Workspace because WORKSPACE_SLUG environment variable is empty
[error] Failed to fetch Firebase Project from Studio Workspace because WORKSPACE_SLUG environment variable is empty
[debug] [2025-12-30T23:51:48.383Z] > command requires scopes: ["email","openid","https://www.googleapis.com/auth/cloudplatformprojects.readonly","https://www.googleapis.com/auth/firebase","https://www.googleapis.com/auth/cloud-platform","https://www.googleapis.com/auth/userinfo.email"]
[debug] [2025-12-30T23:51:48.384Z] > authorizing via signed-in user (ramakirana25.sma.belajar.id@gmail.com)
[error] Failed to fetch Firebase Project from Studio Workspace because WORKSPACE_SLUG environment variable is empty
[error] Failed to fetch Firebase Project from Studio Workspace because WORKSPACE_SLUG environment variable is empty
[error] Failed to fetch Firebase Project from Studio Workspace because WORKSPACE_SLUG environment variable is empty
[debug] [2025-12-30T23:52:14.915Z] > command requires scopes: ["email","openid","https://www.googleapis.com/auth/cloudplatformprojects.readonly","https://www.googleapis.com/auth/firebase","https://www.googleapis.com/auth/cloud-platform","https://www.googleapis.com/auth/userinfo.email"]
[debug] [2025-12-30T23:52:14.915Z] > authorizing via signed-in user (ramakirana25.sma.belajar.id@gmail.com)
[error] Failed to fetch Firebase Project from Studio Workspace because WORKSPACE_SLUG environment variable is empty
[error] Failed to fetch Firebase Project from Studio Workspace because WORKSPACE_SLUG environment variable is empty
[debug] [2025-12-30T23:52:14.927Z] > command requires scopes: ["email","openid","https://www.googleapis.com/auth/cloudplatformprojects.readonly","https://www.googleapis.com/auth/firebase","https://www.googleapis.com/auth/cloud-platform","https://www.googleapis.com/auth/userinfo.email"]
[debug] [2025-12-30T23:52:14.928Z] > authorizing via signed-in user (ramakirana25.sma.belajar.id@gmail.com)
[debug] [2025-12-30T23:52:14.934Z] No OAuth tokens found
[debug] [2025-12-30T23:52:14.935Z] >>> [apiv2][query] GET https://serviceusage.googleapis.com/v1/projects/sultan-super-app/services/cloudresourcemanager.googleapis.com [none]
[debug] [2025-12-30T23:52:14.935Z] >>> [apiv2][(partial)header] GET https://serviceusage.googleapis.com/v1/projects/sultan-super-app/services/cloudresourcemanager.googleapis.com x-goog-quota-user=projects/sultan-super-app
[debug] [2025-12-30T23:52:16.074Z] <<< [apiv2][status] GET https://serviceusage.googleapis.com/v1/projects/sultan-super-app/services/cloudresourcemanager.googleapis.com 403
[debug] [2025-12-30T23:52:16.077Z] <<< [apiv2][body] GET https://serviceusage.googleapis.com/v1/projects/sultan-super-app/services/cloudresourcemanager.googleapis.com [omitted]
[debug] [2025-12-30T23:52:16.079Z] Unable to check that https://cloudresourcemanager.googleapis.com is enabled on sultan-super-app. Calls to it will fail if it is not enabled
[debug] [2025-12-30T23:52:16.080Z] No OAuth tokens found
[debug] [2025-12-30T23:52:16.080Z] >>> [apiv2][query] GET https://cloudresourcemanager.googleapis.com/v1/projects/sultan-super-app [none]
[debug] [2025-12-30T23:52:17.083Z] <<< [apiv2][status] GET https://cloudresourcemanager.googleapis.com/v1/projects/sultan-super-app 403
[debug] [2025-12-30T23:52:17.084Z] <<< [apiv2][body] GET https://cloudresourcemanager.googleapis.com/v1/projects/sultan-super-app {"error":{"code":403,"message":"The caller does not have permission","status":"PERMISSION_DENIED"}}
[debug] [2025-12-30T23:52:17.095Z] No OAuth tokens found
[debug] [2025-12-30T23:52:17.098Z] >>> [apiv2][query] POST https://cloudresourcemanager.googleapis.com/v1/projects [none]
[debug] [2025-12-30T23:52:17.098Z] >>> [apiv2][body] POST https://cloudresourcemanager.googleapis.com/v1/projects {"projectId":"sultan-super-app","name":"Sultan Super App"}
[debug] [2025-12-30T23:52:17.510Z] <<< [apiv2][status] POST https://cloudresourcemanager.googleapis.com/v1/projects 200
[debug] [2025-12-30T23:52:17.510Z] <<< [apiv2][body] POST https://cloudresourcemanager.googleapis.com/v1/projects {"name":"operations/create_project.global.4756820814634407876"}
[debug] [2025-12-30T23:52:17.513Z] No OAuth tokens found
[debug] [2025-12-30T23:52:17.513Z] >>> [apiv2][query] GET https://cloudresourcemanager.googleapis.com/v1/operations/create_project.global.4756820814634407876 [none]
[debug] [2025-12-30T23:52:18.303Z] <<< [apiv2][status] GET https://cloudresourcemanager.googleapis.com/v1/operations/create_project.global.4756820814634407876 200
[debug] [2025-12-30T23:52:18.303Z] <<< [apiv2][body] GET https://cloudresourcemanager.googleapis.com/v1/operations/create_project.global.4756820814634407876 {"name":"operations/create_project.global.4756820814634407876"}
[debug] [2025-12-30T23:52:18.805Z] [Project Creation Poller] Retrying task index 0
[debug] [2025-12-30T23:52:18.806Z] No OAuth tokens found
[debug] [2025-12-30T23:52:18.806Z] >>> [apiv2][query] GET https://cloudresourcemanager.googleapis.com/v1/operations/create_project.global.4756820814634407876 [none]
[debug] [2025-12-30T23:52:19.012Z] <<< [apiv2][status] GET https://cloudresourcemanager.googleapis.com/v1/operations/create_project.global.4756820814634407876 200
[debug] [2025-12-30T23:52:19.013Z] <<< [apiv2][body] GET https://cloudresourcemanager.googleapis.com/v1/operations/create_project.global.4756820814634407876 {"name":"operations/create_project.global.4756820814634407876","metadata":{"@type":"type.googleapis.com/google.cloudresourcemanager.v1.ProjectCreationStatus","gettable":true,"ready":true},"done":true,"response":{"@type":"type.googleapis.com/google.cloudresourcemanager.v1.Project","projectNumber":"757345977494","projectId":"sultan-super-app","lifecycleState":"ACTIVE","name":"Sultan Super App","createTime":"2025-12-30T23:52:18.516802Z"}}
[debug] [2025-12-30T23:52:19.019Z] No OAuth tokens found
[debug] [2025-12-30T23:52:19.020Z] >>> [apiv2][query] POST https://firebase.googleapis.com/v1beta1/projects/sultan-super-app:addFirebase [none]
[debug] [2025-12-30T23:52:22.613Z] <<< [apiv2][status] POST https://firebase.googleapis.com/v1beta1/projects/sultan-super-app:addFirebase 200
[debug] [2025-12-30T23:52:22.613Z] <<< [apiv2][body] POST https://firebase.googleapis.com/v1beta1/projects/sultan-super-app:addFirebase {"name":"operations/workflows/OTc2NDJhZTktMWQ1OC00NTA1LWJiMDEtZGNkMzQyZDUwNGNh"}
[debug] [2025-12-30T23:52:22.614Z] No OAuth tokens found
[debug] [2025-12-30T23:52:22.620Z] >>> [apiv2][query] GET https://firebase.googleapis.com/v1beta1/operations/workflows/OTc2NDJhZTktMWQ1OC00NTA1LWJiMDEtZGNkMzQyZDUwNGNh [none]
[debug] [2025-12-30T23:52:26.992Z] <<< [apiv2][status] GET https://firebase.googleapis.com/v1beta1/operations/workflows/OTc2NDJhZTktMWQ1OC00NTA1LWJiMDEtZGNkMzQyZDUwNGNh 200
[debug] [2025-12-30T23:52:26.995Z] <<< [apiv2][body] GET https://firebase.googleapis.com/v1beta1/operations/workflows/OTc2NDJhZTktMWQ1OC00NTA1LWJiMDEtZGNkMzQyZDUwNGNh {"name":"operations/workflows/OTc2NDJhZTktMWQ1OC00NTA1LWJiMDEtZGNkMzQyZDUwNGNh"}
[debug] [2025-12-30T23:52:27.498Z] [Add Firebase Poller] Retrying task index 0
[debug] [2025-12-30T23:52:27.499Z] No OAuth tokens found
[debug] [2025-12-30T23:52:27.499Z] >>> [apiv2][query] GET https://firebase.googleapis.com/v1beta1/operations/workflows/OTc2NDJhZTktMWQ1OC00NTA1LWJiMDEtZGNkMzQyZDUwNGNh [none]
[debug] [2025-12-30T23:52:28.452Z] <<< [apiv2][status] GET https://firebase.googleapis.com/v1beta1/operations/workflows/OTc2NDJhZTktMWQ1OC00NTA1LWJiMDEtZGNkMzQyZDUwNGNh 200
[debug] [2025-12-30T23:52:28.452Z] <<< [apiv2][body] GET https://firebase.googleapis.com/v1beta1/operations/workflows/OTc2NDJhZTktMWQ1OC00NTA1LWJiMDEtZGNkMzQyZDUwNGNh {"name":"operations/workflows/OTc2NDJhZTktMWQ1OC00NTA1LWJiMDEtZGNkMzQyZDUwNGNh"}
[debug] [2025-12-30T23:52:29.454Z] [Add Firebase Poller] Retrying task index 0
[debug] [2025-12-30T23:52:29.457Z] No OAuth tokens found
[debug] [2025-12-30T23:52:29.458Z] >>> [apiv2][query] GET https://firebase.googleapis.com/v1beta1/operations/workflows/OTc2NDJhZTktMWQ1OC00NTA1LWJiMDEtZGNkMzQyZDUwNGNh [none]
[debug] [2025-12-30T23:52:30.230Z] <<< [apiv2][status] GET https://firebase.googleapis.com/v1beta1/operations/workflows/OTc2NDJhZTktMWQ1OC00NTA1LWJiMDEtZGNkMzQyZDUwNGNh 200
[debug] [2025-12-30T23:52:30.233Z] <<< [apiv2][body] GET https://firebase.googleapis.com/v1beta1/operations/workflows/OTc2NDJhZTktMWQ1OC00NTA1LWJiMDEtZGNkMzQyZDUwNGNh {"name":"operations/workflows/OTc2NDJhZTktMWQ1OC00NTA1LWJiMDEtZGNkMzQyZDUwNGNh"}
[debug] [2025-12-30T23:52:32.235Z] [Add Firebase Poller] Retrying task index 0
[debug] [2025-12-30T23:52:32.239Z] No OAuth tokens found
[debug] [2025-12-30T23:52:32.241Z] >>> [apiv2][query] GET https://firebase.googleapis.com/v1beta1/operations/workflows/OTc2NDJhZTktMWQ1OC00NTA1LWJiMDEtZGNkMzQyZDUwNGNh [none]
[debug] [2025-12-30T23:52:33.175Z] <<< [apiv2][status] GET https://firebase.googleapis.com/v1beta1/operations/workflows/OTc2NDJhZTktMWQ1OC00NTA1LWJiMDEtZGNkMzQyZDUwNGNh 200
[debug] [2025-12-30T23:52:33.175Z] <<< [apiv2][body] GET https://firebase.googleapis.com/v1beta1/operations/workflows/OTc2NDJhZTktMWQ1OC00NTA1LWJiMDEtZGNkMzQyZDUwNGNh {"name":"operations/workflows/OTc2NDJhZTktMWQ1OC00NTA1LWJiMDEtZGNkMzQyZDUwNGNh","done":true,"response":{"@type":"type.googleapis.com/google.firebase.service.v1beta1.FirebaseProject","projectId":"sultan-super-app","projectNumber":"757345977494","displayName":"Sultan Super App","name":"projects/sultan-super-app","resources":{"hostingSite":"sultan-super-app"}}}
[info] 
[info] 🎉🎉🎉 Your Firebase project is ready! 🎉🎉🎉
[info] 
[info] Project information:
[info]    - Project ID: sultan-super-app
[info]    - Project Name: Sultan Super App
[info] 
[info] Firebase console is available at
[info] https://console.firebase.google.com/project/sultan-super-app/overview
[error] Failed to fetch Firebase Project from Studio Workspace because WORKSPACE_SLUG environment variable is empty
[error] Failed to fetch Firebase Project from Studio Workspace because WORKSPACE_SLUG environment variable is empty
[debug] [2025-12-30T23:52:40.150Z] > command requires scopes: ["email","openid","https://www.googleapis.com/auth/cloudplatformprojects.readonly","https://www.googleapis.com/auth/firebase","https://www.googleapis.com/auth/cloud-platform","https://www.googleapis.com/auth/userinfo.email"]
[debug] [2025-12-30T23:52:40.150Z] > authorizing via signed-in user (ramakirana25.sma.belajar.id@gmail.com)
[error] Failed to fetch Firebase Project from Studio Workspace because WORKSPACE_SLUG environment variable is empty
[error] Failed to fetch Firebase Project from Studio Workspace because WORKSPACE_SLUG environment variable is empty
[debug] [2025-12-30T23:52:40.158Z] > command requires scopes: ["email","openid","https://www.googleapis.com/auth/cloudplatformprojects.readonly","https://www.googleapis.com/auth/firebase","https://www.googleapis.com/auth/cloud-platform","https://www.googleapis.com/auth/userinfo.email"]
[debug] [2025-12-30T23:52:40.158Z] > authorizing via signed-in user (ramakirana25.sma.belajar.id@gmail.com)
[debug] [2025-12-30T23:52:40.164Z] No OAuth tokens found
[debug] [2025-12-30T23:52:40.165Z] >>> [apiv2][query] GET https://serviceusage.googleapis.com/v1/projects/sultan-super-app/services/cloudresourcemanager.googleapis.com [none]
[debug] [2025-12-30T23:52:40.165Z] >>> [apiv2][(partial)header] GET https://serviceusage.googleapis.com/v1/projects/sultan-super-app/services/cloudresourcemanager.googleapis.com x-goog-quota-user=projects/sultan-super-app
[debug] [2025-12-30T23:52:41.816Z] <<< [apiv2][status] GET https://serviceusage.googleapis.com/v1/projects/sultan-super-app/services/cloudresourcemanager.googleapis.com 200
[debug] [2025-12-30T23:52:41.820Z] <<< [apiv2][body] GET https://serviceusage.googleapis.com/v1/projects/sultan-super-app/services/cloudresourcemanager.googleapis.com [omitted]
[debug] [2025-12-30T23:52:41.834Z] No OAuth tokens found
[debug] [2025-12-30T23:52:41.834Z] >>> [apiv2][query] GET https://cloudresourcemanager.googleapis.com/v1/projects/sultan-super-app [none]
[debug] [2025-12-30T23:52:43.028Z] <<< [apiv2][status] GET https://cloudresourcemanager.googleapis.com/v1/projects/sultan-super-app 200
[debug] [2025-12-30T23:52:43.028Z] <<< [apiv2][body] GET https://cloudresourcemanager.googleapis.com/v1/projects/sultan-super-app {"projectNumber":"757345977494","projectId":"sultan-super-app","lifecycleState":"ACTIVE","name":"Sultan Super App","labels":{"firebase":"enabled","firebase-core":"disabled"},"createTime":"2025-12-30T23:52:18.516802Z"}
[info] Updating Studio Workspace active project to match Firebase CLI 'sultan-super-app'
[error] Failed to update Firebase Project for Studio Workspace because WORKSPACE_SLUG environment variable is empty
[info] Now using project sultan-super-app
[error] Failed to fetch Firebase Project from Studio Workspace because WORKSPACE_SLUG environment variable is empty
[error] Failed to fetch Firebase Project from Studio Workspace because WORKSPACE_SLUG environment variable is empty
[debug] [2025-12-30T23:52:46.562Z] > command requires scopes: ["email","openid","https://www.googleapis.com/auth/cloudplatformprojects.readonly","https://www.googleapis.com/auth/firebase","https://www.googleapis.com/auth/cloud-platform","https://www.googleapis.com/auth/userinfo.email"]
[debug] [2025-12-30T23:52:46.562Z] > authorizing via signed-in user (ramakirana25.sma.belajar.id@gmail.com)
[debug] [2025-12-30T23:52:46.567Z] No OAuth tokens found
[debug] [2025-12-30T23:52:46.567Z] >>> [apiv2][query] GET https://cloudbilling.googleapis.com/v1/projects/sultan-super-app/billingInfo [none]
[debug] [2025-12-30T23:52:47.788Z] <<< [apiv2][status] GET https://cloudbilling.googleapis.com/v1/projects/sultan-super-app/billingInfo 200
[debug] [2025-12-30T23:52:47.791Z] <<< [apiv2][body] GET https://cloudbilling.googleapis.com/v1/projects/sultan-super-app/billingInfo {"name":"projects/sultan-super-app/billingInfo","projectId":"sultan-super-app","billingAccountName":"","billingEnabled":false}
[error] Failed to fetch Firebase Project from Studio Workspace because WORKSPACE_SLUG environment variable is empty
[error] Failed to fetch Firebase Project from Studio Workspace because WORKSPACE_SLUG environment variable is empty
[debug] [2025-12-30T23:52:47.803Z] > command requires scopes: ["email","openid","https://www.googleapis.com/auth/cloudplatformprojects.readonly","https://www.googleapis.com/auth/firebase","https://www.googleapis.com/auth/cloud-platform","https://www.googleapis.com/auth/userinfo.email"]
[debug] [2025-12-30T23:52:47.804Z] > authorizing via signed-in user (ramakirana25.sma.belajar.id@gmail.com)
[debug] [2025-12-30T23:52:47.804Z] No OAuth tokens found
[debug] [2025-12-30T23:52:47.804Z] >>> [apiv2][query] GET https://cloudbilling.googleapis.com/v1/projects/sultan-super-app/billingInfo [none]
[debug] [2025-12-30T23:52:48.884Z] <<< [apiv2][status] GET https://cloudbilling.googleapis.com/v1/projects/sultan-super-app/billingInfo 200
[debug] [2025-12-30T23:52:48.884Z] <<< [apiv2][body] GET https://cloudbilling.googleapis.com/v1/projects/sultan-super-app/billingInfo {"name":"projects/sultan-super-app/billingInfo","projectId":"sultan-super-app","billingAccountName":"","billingEnabled":false}
[debug] [2025-12-30T23:52:48.895Z] No OAuth tokens found
[debug] [2025-12-30T23:52:48.896Z] >>> [apiv2][query] POST https://firebase.googleapis.com/v1beta1/projects/sultan-super-app/webApps [none]
[debug] [2025-12-30T23:52:48.896Z] >>> [apiv2][body] POST https://firebase.googleapis.com/v1beta1/projects/sultan-super-app/webApps {"displayName":"Sultan Super App Web"}
[debug] [2025-12-30T23:52:52.514Z] <<< [apiv2][status] POST https://firebase.googleapis.com/v1beta1/projects/sultan-super-app/webApps 200
[debug] [2025-12-30T23:52:52.514Z] <<< [apiv2][body] POST https://firebase.googleapis.com/v1beta1/projects/sultan-super-app/webApps {"name":"operations/workflows/ZGZiZTU4Y2QtMDk5Ny00MDc5LThlMGQtNjkxMGMyZDVhN2Iz"}
[debug] [2025-12-30T23:52:52.514Z] No OAuth tokens found
[debug] [2025-12-30T23:52:52.515Z] >>> [apiv2][query] GET https://firebase.googleapis.com/v1beta1/operations/workflows/ZGZiZTU4Y2QtMDk5Ny00MDc5LThlMGQtNjkxMGMyZDVhN2Iz [none]
[debug] [2025-12-30T23:52:53.292Z] <<< [apiv2][status] GET https://firebase.googleapis.com/v1beta1/operations/workflows/ZGZiZTU4Y2QtMDk5Ny00MDc5LThlMGQtNjkxMGMyZDVhN2Iz 200
[debug] [2025-12-30T23:52:53.292Z] <<< [apiv2][body] GET https://firebase.googleapis.com/v1beta1/operations/workflows/ZGZiZTU4Y2QtMDk5Ny00MDc5LThlMGQtNjkxMGMyZDVhN2Iz {"name":"operations/workflows/ZGZiZTU4Y2QtMDk5Ny00MDc5LThlMGQtNjkxMGMyZDVhN2Iz"}
[debug] [2025-12-30T23:52:53.793Z] [Create Web app Poller] Retrying task index 0
[debug] [2025-12-30T23:52:53.794Z] No OAuth tokens found
[debug] [2025-12-30T23:52:53.795Z] >>> [apiv2][query] GET https://firebase.googleapis.com/v1beta1/operations/workflows/ZGZiZTU4Y2QtMDk5Ny00MDc5LThlMGQtNjkxMGMyZDVhN2Iz [none]
[debug] [2025-12-30T23:52:54.304Z] <<< [apiv2][status] GET https://firebase.googleapis.com/v1beta1/operations/workflows/ZGZiZTU4Y2QtMDk5Ny00MDc5LThlMGQtNjkxMGMyZDVhN2Iz 200
[debug] [2025-12-30T23:52:54.305Z] <<< [apiv2][body] GET https://firebase.googleapis.com/v1beta1/operations/workflows/ZGZiZTU4Y2QtMDk5Ny00MDc5LThlMGQtNjkxMGMyZDVhN2Iz {"name":"operations/workflows/ZGZiZTU4Y2QtMDk5Ny00MDc5LThlMGQtNjkxMGMyZDVhN2Iz"}
[debug] [2025-12-30T23:52:55.305Z] [Create Web app Poller] Retrying task index 0
[debug] [2025-12-30T23:52:55.309Z] No OAuth tokens found
[debug] [2025-12-30T23:52:55.311Z] >>> [apiv2][query] GET https://firebase.googleapis.com/v1beta1/operations/workflows/ZGZiZTU4Y2QtMDk5Ny00MDc5LThlMGQtNjkxMGMyZDVhN2Iz [none]
[debug] [2025-12-30T23:52:56.100Z] <<< [apiv2][status] GET https://firebase.googleapis.com/v1beta1/operations/workflows/ZGZiZTU4Y2QtMDk5Ny00MDc5LThlMGQtNjkxMGMyZDVhN2Iz 200
[debug] [2025-12-30T23:52:56.101Z] <<< [apiv2][body] GET https://firebase.googleapis.com/v1beta1/operations/workflows/ZGZiZTU4Y2QtMDk5Ny00MDc5LThlMGQtNjkxMGMyZDVhN2Iz {"name":"operations/workflows/ZGZiZTU4Y2QtMDk5Ny00MDc5LThlMGQtNjkxMGMyZDVhN2Iz"}
[debug] [2025-12-30T23:52:58.104Z] [Create Web app Poller] Retrying task index 0
[debug] [2025-12-30T23:52:58.105Z] No OAuth tokens found
[debug] [2025-12-30T23:52:58.105Z] >>> [apiv2][query] GET https://firebase.googleapis.com/v1beta1/operations/workflows/ZGZiZTU4Y2QtMDk5Ny00MDc5LThlMGQtNjkxMGMyZDVhN2Iz [none]
[debug] [2025-12-30T23:52:58.655Z] <<< [apiv2][status] GET https://firebase.googleapis.com/v1beta1/operations/workflows/ZGZiZTU4Y2QtMDk5Ny00MDc5LThlMGQtNjkxMGMyZDVhN2Iz 200
[debug] [2025-12-30T23:52:58.655Z] <<< [apiv2][body] GET https://firebase.googleapis.com/v1beta1/operations/workflows/ZGZiZTU4Y2QtMDk5Ny00MDc5LThlMGQtNjkxMGMyZDVhN2Iz {"name":"operations/workflows/ZGZiZTU4Y2QtMDk5Ny00MDc5LThlMGQtNjkxMGMyZDVhN2Iz","done":true,"response":{"@type":"type.googleapis.com/google.firebase.service.v1beta1.WebApp","name":"projects/sultan-super-app/webApps/1:757345977494:web:0364672331b0195f292eb7","appId":"1:757345977494:web:0364672331b0195f292eb7","displayName":"Sultan Super App Web","projectId":"sultan-super-app","webId":"N2Y3ZTI2M2ItNzNkMS00OThhLWJlMGItMWJmNWY2NGE3MWFi","apiKeyId":"2c14b523-3023-435a-8d3f-2fed27539975","state":"ACTIVE","expireTime":"1970-01-01T00:00:00Z","etag":"1_7d99fedb-1781-4412-aaee-6e5fefec6938"}}
[error] Failed to fetch Firebase Project from Studio Workspace because WORKSPACE_SLUG environment variable is empty
[error] Failed to fetch Firebase Project from Studio Workspace because WORKSPACE_SLUG environment variable is empty
[debug] [2025-12-30T23:53:07.266Z] > command requires scopes: ["email","openid","https://www.googleapis.com/auth/cloudplatformprojects.readonly","https://www.googleapis.com/auth/firebase","https://www.googleapis.com/auth/cloud-platform","https://www.googleapis.com/auth/userinfo.email"]
[debug] [2025-12-30T23:53:07.266Z] > authorizing via signed-in user (ramakirana25.sma.belajar.id@gmail.com)
[debug] [2025-12-30T23:53:07.270Z] No OAuth tokens found
[debug] [2025-12-30T23:53:07.270Z] >>> [apiv2][query] GET https://cloudbilling.googleapis.com/v1/projects/sultan-super-app/billingInfo [none]
[debug] [2025-12-30T23:53:08.487Z] <<< [apiv2][status] GET https://cloudbilling.googleapis.com/v1/projects/sultan-super-app/billingInfo 200
[debug] [2025-12-30T23:53:08.492Z] <<< [apiv2][body] GET https://cloudbilling.googleapis.com/v1/projects/sultan-super-app/billingInfo {"name":"projects/sultan-super-app/billingInfo","projectId":"sultan-super-app","billingAccountName":"","billingEnabled":false}
[error] Failed to fetch Firebase Project from Studio Workspace because WORKSPACE_SLUG environment variable is empty
[error] Failed to fetch Firebase Project from Studio Workspace because WORKSPACE_SLUG environment variable is empty
[debug] [2025-12-30T23:53:08.500Z] > command requires scopes: ["email","openid","https://www.googleapis.com/auth/cloudplatformprojects.readonly","https://www.googleapis.com/auth/firebase","https://www.googleapis.com/auth/cloud-platform","https://www.googleapis.com/auth/userinfo.email"]
[debug] [2025-12-30T23:53:08.500Z] > authorizing via signed-in user (ramakirana25.sma.belajar.id@gmail.com)
[debug] [2025-12-30T23:53:08.500Z] No OAuth tokens found
[debug] [2025-12-30T23:53:08.501Z] >>> [apiv2][query] GET https://cloudbilling.googleapis.com/v1/projects/sultan-super-app/billingInfo [none]
[debug] [2025-12-30T23:53:09.588Z] <<< [apiv2][status] GET https://cloudbilling.googleapis.com/v1/projects/sultan-super-app/billingInfo 200
[debug] [2025-12-30T23:53:09.588Z] <<< [apiv2][body] GET https://cloudbilling.googleapis.com/v1/projects/sultan-super-app/billingInfo {"name":"projects/sultan-super-app/billingInfo","projectId":"sultan-super-app","billingAccountName":"","billingEnabled":false}
[debug] [2025-12-30T23:53:09.590Z] No OAuth tokens found
[debug] [2025-12-30T23:53:09.591Z] >>> [apiv2][query] GET https://firebase.googleapis.com/v1beta1/projects/sultan-super-app:searchApps pageSize=100
[debug] [2025-12-30T23:53:10.452Z] <<< [apiv2][status] GET https://firebase.googleapis.com/v1beta1/projects/sultan-super-app:searchApps 200
[debug] [2025-12-30T23:53:10.452Z] <<< [apiv2][body] GET https://firebase.googleapis.com/v1beta1/projects/sultan-super-app:searchApps {"apps":[{"name":"projects/sultan-super-app/webApps/1:757345977494:web:0364672331b0195f292eb7","displayName":"Sultan Super App Web","platform":"WEB","appId":"1:757345977494:web:0364672331b0195f292eb7","namespace":"N2Y3ZTI2M2ItNzNkMS00OThhLWJlMGItMWJmNWY2NGE3MWFi","apiKeyId":"2c14b523-3023-435a-8d3f-2fed27539975","state":"ACTIVE","expireTime":"1970-01-01T00:00:00Z"}]}
[debug] [2025-12-30T23:53:10.454Z] No OAuth tokens found
[debug] [2025-12-30T23:53:10.454Z] >>> [apiv2][query] GET https://firebase.googleapis.com/v1beta1/projects/-/webApps/1:757345977494:web:0364672331b0195f292eb7/config [none]
[debug] [2025-12-30T23:53:11.586Z] <<< [apiv2][status] GET https://firebase.googleapis.com/v1beta1/projects/-/webApps/1:757345977494:web:0364672331b0195f292eb7/config 200
[debug] [2025-12-30T23:53:11.586Z] <<< [apiv2][body] GET https://firebase.googleapis.com/v1beta1/projects/-/webApps/1:757345977494:web:0364672331b0195f292eb7/config {"projectId":"sultan-super-app","appId":"1:757345977494:web:0364672331b0195f292eb7","storageBucket":"sultan-super-app.firebasestorage.app","apiKey":"AIzaSyDzOHv9o13deghVsVhT1O8SrRoM7bpRQQA","authDomain":"sultan-super-app.firebaseapp.com","messagingSenderId":"757345977494","projectNumber":"757345977494","version":"2"}
[error] Failed to fetch Firebase Project from Studio Workspace because WORKSPACE_SLUG environment variable is empty
[error] Failed to fetch Firebase Project from Studio Workspace because WORKSPACE_SLUG environment variable is empty
[debug] [2025-12-31T00:45:03.429Z] > command requires scopes: ["email","openid","https://www.googleapis.com/auth/cloudplatformprojects.readonly","https://www.googleapis.com/auth/firebase","https://www.googleapis.com/auth/cloud-platform","https://www.googleapis.com/auth/userinfo.email"]
[debug] [2025-12-31T00:45:03.431Z] > authorizing via signed-in user (ramakirana25.sma.belajar.id@gmail.com)
[debug] [2025-12-31T00:45:03.432Z] No OAuth tokens found
[debug] [2025-12-31T00:45:03.433Z] >>> [apiv2][query] GET https://cloudbilling.googleapis.com/v1/projects/sultan-super-app/billingInfo [none]
[debug] [2025-12-31T00:45:04.435Z] <<< [apiv2][status] GET https://cloudbilling.googleapis.com/v1/projects/sultan-super-app/billingInfo 200
[debug] [2025-12-31T00:45:04.438Z] <<< [apiv2][body] GET https://cloudbilling.googleapis.com/v1/projects/sultan-super-app/billingInfo {"name":"projects/sultan-super-app/billingInfo","projectId":"sultan-super-app","billingAccountName":"","billingEnabled":false}
[error] Failed to fetch Firebase Project from Studio Workspace because WORKSPACE_SLUG environment variable is empty
[error] Failed to fetch Firebase Project from Studio Workspace because WORKSPACE_SLUG environment variable is empty
[debug] [2025-12-31T00:45:04.442Z] > command requires scopes: ["email","openid","https://www.googleapis.com/auth/cloudplatformprojects.readonly","https://www.googleapis.com/auth/firebase","https://www.googleapis.com/auth/cloud-platform","https://www.googleapis.com/auth/userinfo.email"]
[debug] [2025-12-31T00:45:04.446Z] > authorizing via signed-in user (ramakirana25.sma.belajar.id@gmail.com)
[debug] [2025-12-31T00:45:04.446Z] No OAuth tokens found
[debug] [2025-12-31T00:45:04.447Z] >>> [apiv2][query] GET https://cloudbilling.googleapis.com/v1/projects/sultan-super-app/billingInfo [none]
[debug] [2025-12-31T00:45:05.413Z] <<< [apiv2][status] GET https://cloudbilling.googleapis.com/v1/projects/sultan-super-app/billingInfo 200
[debug] [2025-12-31T00:45:05.414Z] <<< [apiv2][body] GET https://cloudbilling.googleapis.com/v1/projects/sultan-super-app/billingInfo {"name":"projects/sultan-super-app/billingInfo","projectId":"sultan-super-app","billingAccountName":"","billingEnabled":false}
[debug] [2025-12-31T00:45:05.416Z] No OAuth tokens found
[debug] [2025-12-31T00:45:05.417Z] >>> [apiv2][query] GET https://firebase.googleapis.com/v1beta1/projects/sultan-super-app/webApps pageSize=100
[debug] [2025-12-31T00:45:05.776Z] <<< [apiv2][status] GET https://firebase.googleapis.com/v1beta1/projects/sultan-super-app/webApps 200
[debug] [2025-12-31T00:45:05.776Z] <<< [apiv2][body] GET https://firebase.googleapis.com/v1beta1/projects/sultan-super-app/webApps {"apps":[{"name":"projects/sultan-super-app/webApps/1:757345977494:web:0364672331b0195f292eb7","appId":"1:757345977494:web:0364672331b0195f292eb7","displayName":"Sultan Super App Web","projectId":"sultan-super-app","webId":"N2Y3ZTI2M2ItNzNkMS00OThhLWJlMGItMWJmNWY2NGE3MWFi","apiKeyId":"2c14b523-3023-435a-8d3f-2fed27539975","state":"ACTIVE","expireTime":"1970-01-01T00:00:00Z","etag":"1_7d99fedb-1781-4412-aaee-6e5fefec6938"}]}
[error] Failed to fetch Firebase Project from Studio Workspace because WORKSPACE_SLUG environment variable is empty
[error] Failed to fetch Firebase Project from Studio Workspace because WORKSPACE_SLUG environment variable is empty
[debug] [2025-12-31T00:45:12.702Z] > command requires scopes: ["email","openid","https://www.googleapis.com/auth/cloudplatformprojects.readonly","https://www.googleapis.com/auth/firebase","https://www.googleapis.com/auth/cloud-platform","https://www.googleapis.com/auth/userinfo.email"]
[debug] [2025-12-31T00:45:12.702Z] > authorizing via signed-in user (ramakirana25.sma.belajar.id@gmail.com)
[debug] [2025-12-31T00:45:12.703Z] No OAuth tokens found
[debug] [2025-12-31T00:45:12.703Z] >>> [apiv2][query] GET https://cloudbilling.googleapis.com/v1/projects/sultan-super-app/billingInfo [none]
[debug] [2025-12-31T00:45:13.799Z] <<< [apiv2][status] GET https://cloudbilling.googleapis.com/v1/projects/sultan-super-app/billingInfo 200
[debug] [2025-12-31T00:45:13.800Z] <<< [apiv2][body] GET https://cloudbilling.googleapis.com/v1/projects/sultan-super-app/billingInfo {"name":"projects/sultan-super-app/billingInfo","projectId":"sultan-super-app","billingAccountName":"","billingEnabled":false}
[error] Failed to fetch Firebase Project from Studio Workspace because WORKSPACE_SLUG environment variable is empty
[error] Failed to fetch Firebase Project from Studio Workspace because WORKSPACE_SLUG environment variable is empty
[debug] [2025-12-31T00:45:13.807Z] > command requires scopes: ["email","openid","https://www.googleapis.com/auth/cloudplatformprojects.readonly","https://www.googleapis.com/auth/firebase","https://www.googleapis.com/auth/cloud-platform","https://www.googleapis.com/auth/userinfo.email"]
[debug] [2025-12-31T00:45:13.808Z] > authorizing via signed-in user (ramakirana25.sma.belajar.id@gmail.com)
[debug] [2025-12-31T00:45:13.808Z] No OAuth tokens found
[debug] [2025-12-31T00:45:13.808Z] >>> [apiv2][query] GET https://cloudbilling.googleapis.com/v1/projects/sultan-super-app/billingInfo [none]
[debug] [2025-12-31T00:45:14.017Z] <<< [apiv2][status] GET https://cloudbilling.googleapis.com/v1/projects/sultan-super-app/billingInfo 200
[debug] [2025-12-31T00:45:14.017Z] <<< [apiv2][body] GET https://cloudbilling.googleapis.com/v1/projects/sultan-super-app/billingInfo {"name":"projects/sultan-super-app/billingInfo","projectId":"sultan-super-app","billingAccountName":"","billingEnabled":false}
[debug] [2025-12-31T00:45:14.020Z] No OAuth tokens found
[debug] [2025-12-31T00:45:14.021Z] >>> [apiv2][query] GET https://firebase.googleapis.com/v1beta1/projects/sultan-super-app:searchApps pageSize=100
[debug] [2025-12-31T00:45:14.426Z] <<< [apiv2][status] GET https://firebase.googleapis.com/v1beta1/projects/sultan-super-app:searchApps 200
[debug] [2025-12-31T00:45:14.426Z] <<< [apiv2][body] GET https://firebase.googleapis.com/v1beta1/projects/sultan-super-app:searchApps {"apps":[{"name":"projects/sultan-super-app/webApps/1:757345977494:web:0364672331b0195f292eb7","displayName":"Sultan Super App Web","platform":"WEB","appId":"1:757345977494:web:0364672331b0195f292eb7","namespace":"N2Y3ZTI2M2ItNzNkMS00OThhLWJlMGItMWJmNWY2NGE3MWFi","apiKeyId":"2c14b523-3023-435a-8d3f-2fed27539975","state":"ACTIVE","expireTime":"1970-01-01T00:00:00Z"}]}
[debug] [2025-12-31T00:45:14.427Z] No OAuth tokens found
[debug] [2025-12-31T00:45:14.427Z] >>> [apiv2][query] GET https://firebase.googleapis.com/v1beta1/projects/-/webApps/1:757345977494:web:0364672331b0195f292eb7/config [none]
[debug] [2025-12-31T00:45:14.995Z] <<< [apiv2][status] GET https://firebase.googleapis.com/v1beta1/projects/-/webApps/1:757345977494:web:0364672331b0195f292eb7/config 200
[debug] [2025-12-31T00:45:14.996Z] <<< [apiv2][body] GET https://firebase.googleapis.com/v1beta1/projects/-/webApps/1:757345977494:web:0364672331b0195f292eb7/config {"projectId":"sultan-super-app","appId":"1:757345977494:web:0364672331b0195f292eb7","storageBucket":"sultan-super-app.firebasestorage.app","apiKey":"AIzaSyDzOHv9o13deghVsVhT1O8SrRoM7bpRQQA","authDomain":"sultan-super-app.firebaseapp.com","messagingSenderId":"757345977494","projectNumber":"757345977494","version":"2"}
